{
  "RSpec": {
    "coverage": {
      "/Users/caseywest/code/caseywest/whitehat-coding-challenge/appliance-api/config/environment.rb": [
        null,
        1,
        null,
        null,
        1
      ],
      "/Users/caseywest/code/caseywest/whitehat-coding-challenge/appliance-api/config/application.rb": [
        1,
        null,
        null,
        1,
        1,
        1,
        1,
        1,
        1,
        null,
        null,
        null,
        null,
        1,
        null,
        1,
        1,
        null,
        null,
        null,
        null,
        null,
        null,
        null,
        null,
        null,
        null,
        null,
        null,
        null
      ],
      "/Users/caseywest/code/caseywest/whitehat-coding-challenge/appliance-api/config/boot.rb": [
        null,
        1,
        null,
        1
      ],
      "/Users/caseywest/code/caseywest/whitehat-coding-challenge/appliance-api/config/environments/test.rb": [
        1,
        null,
        null,
        null,
        null,
        null,
        null,
        1,
        null,
        null,
        null,
        null,
        1,
        null,
        null,
        1,
        1,
        null,
        null,
        1,
        1,
        null,
        null,
        1,
        null,
        null,
        1,
        null,
        null,
        null,
        null,
        1,
        null,
        null,
        1,
        null,
        null,
        null,
        null
      ],
      "/Users/caseywest/code/caseywest/whitehat-coding-challenge/appliance-api/config/initializers/backtrace_silencers.rb": [
        null,
        null,
        null,
        null,
        null,
        null,
        null
      ],
      "/Users/caseywest/code/caseywest/whitehat-coding-challenge/appliance-api/config/initializers/cookies_serializer.rb": [
        null,
        null,
        1
      ],
      "/Users/caseywest/code/caseywest/whitehat-coding-challenge/appliance-api/config/initializers/filter_parameter_logging.rb": [
        null,
        null,
        null,
        1
      ],
      "/Users/caseywest/code/caseywest/whitehat-coding-challenge/appliance-api/config/initializers/inflections.rb": [
        null,
        null,
        null,
        null,
        null,
        null,
        null,
        null,
        null,
        null,
        null,
        null,
        null,
        null,
        null,
        null
      ],
      "/Users/caseywest/code/caseywest/whitehat-coding-challenge/appliance-api/config/initializers/mime_types.rb": [
        null,
        null,
        null,
        null
      ],
      "/Users/caseywest/code/caseywest/whitehat-coding-challenge/appliance-api/config/initializers/session_store.rb": [
        null,
        null,
        1
      ],
      "/Users/caseywest/code/caseywest/whitehat-coding-challenge/appliance-api/config/initializers/wrap_parameters.rb": [
        null,
        null,
        null,
        null,
        null,
        null,
        1,
        1,
        null,
        null,
        null,
        null,
        null,
        null
      ],
      "/Users/caseywest/code/caseywest/whitehat-coding-challenge/appliance-api/config/routes.rb": [
        1,
        null,
        null,
        null,
        null,
        null,
        null,
        null,
        null,
        null,
        null,
        null,
        null,
        null,
        null,
        null,
        null,
        null,
        null,
        null,
        null,
        null,
        null,
        null,
        null,
        null,
        null,
        null,
        null,
        null,
        null,
        null,
        null,
        null,
        null,
        null,
        null,
        null,
        null,
        null,
        null,
        null,
        null,
        null,
        null,
        null,
        null,
        null,
        null,
        null,
        null,
        null,
        null,
        null,
        null,
        null
      ],
      "/Users/caseywest/code/caseywest/whitehat-coding-challenge/appliance-api/app/helpers/application_helper.rb": [
        1,
        null
      ],
      "/Users/caseywest/code/caseywest/whitehat-coding-challenge/appliance-api/app/models/appliance.rb": [
        1,
        1,
        null,
        1,
        null,
        null,
        1,
        null
      ],
      "/Users/caseywest/code/caseywest/whitehat-coding-challenge/appliance-api/spec/models/target_spec.rb": [
        1,
        null,
        1,
        5,
        null,
        1,
        1,
        1,
        1,
        null,
        null,
        1,
        1,
        1,
        null,
        null,
        1,
        1,
        1,
        null,
        null,
        1,
        1,
        1,
        null,
        null,
        null
      ],
      "/Users/caseywest/code/caseywest/whitehat-coding-challenge/appliance-api/app/models/target.rb": [
        1,
        1,
        null,
        1,
        null,
        1,
        null,
        null,
        1,
        null,
        null,
        1,
        2,
        null,
        null
      ]
    },
    "timestamp": 1401406956
  }
}
